Build started 7/11/2018 11:04:01 AM.
     1>Project "C:\Projects\Picto\source\embedded\frontpanel\EmbeddedFrontPanel.vcxproj" on node 8 (Build target(s)).
     1>CustomBuild:
         MOC c:/Projects/Picto/source/embedded/frontpanel/DirectorInterface.h
         MOC c:/Projects/Picto/source/embedded/frontpanel/NumberEditMode.h
         MOC c:/Projects/Picto/source/embedded/frontpanel/TextEditMode.h
         MOC c:/Projects/Picto/source/embedded/frontpanel/changenamemode.h
         MOC c:/Projects/Picto/source/embedded/frontpanel/displaymode.h
         MOC c:/Projects/Picto/source/embedded/frontpanel/engineconnections.h
         MOC c:/Projects/Picto/source/embedded/frontpanel/flushdurmode.h
         MOC c:/Projects/Picto/source/embedded/frontpanel/legacyphidgets.h
         MOC c:/Projects/Picto/source/embedded/frontpanel/menu.h
         MOC c:/Projects/Picto/source/embedded/frontpanel/menumode.h
         MOC c:/Projects/Picto/source/embedded/frontpanel/phidgets.h
         MOC c:/Projects/Picto/source/embedded/frontpanel/rewardcontrollermode.h
         MOC c:/Projects/Picto/source/embedded/frontpanel/rewarddurmode.h
         MOC c:/Projects/Picto/source/embedded/frontpanel/statusmode.h
       ClCompile:
         C:\Program Files (x86)\Microsoft Visual Studio 12.0\VC\bin\x86_amd64\CL.exe /c /I. /Ic:\Projects\Picto\3rdparty\include /IC:\phidgets\phidgets21 /I"C:\Program Files (x86)\National Instruments\Shared\ExternalCompilerSupport\C\include" /IC:\Qt64\Qt5.5.1\5.5\msvc2013_64\include /IC:\Qt64\Qt5.5.1\5.5\msvc2013_64\include\QtWidgets /IC:\Qt64\Qt5.5.1\5.5\msvc2013_64\include\QtGui /IC:\Qt64\Qt5.5.1\5.5\msvc2013_64\include\QtANGLE /IC:\Qt64\Qt5.5.1\5.5\msvc2013_64\include\QtXml /IC:\Qt64\Qt5.5.1\5.5\msvc2013_64\include\QtNetwork /IC:\Qt64\Qt5.5.1\5.5\msvc2013_64\include\QtCore /Ic:\Projects\Picto\intermediates\moc\embedded\frontpanel /I"C:\Qt64\Qt5.5.1\5.5\msvc2013_64\mkspecs\win32-msvc2013" /IC:\phidgets\phidgets22 /nologo /W3 /WX- /O2 /D _CONSOLE /D UNICODE /D WIN32 /D WIN64 /D _BIND_TO_CURRENT_CRT_VERSION /D QT_NO_DEBUG /D QT_WIDGETS_LIB /D QT_GUI_LIB /D QT_XML_LIB /D QT_NETWORK_LIB /D QT_CORE_LIB /D NDEBUG /Gm- /EHsc /MD /GS /fp:precise /Zc:wchar_t /Zc:forScope /GR /Fo"c:\Projects\Picto\intermediates\obj\embedded\frontpanel\release.\release\\" /Gd /TP /errorReport:prompt -Zc:strictStrings -w34100 -w34189 -w44996 c:\Projects\Picto\source\embedded\frontpanel\DirectorInterface.cpp c:\Projects\Picto\source\embedded\frontpanel\FrontPanelInfo.cpp c:\Projects\Picto\source\embedded\frontpanel\FrontPanelRewardController.cpp c:\Projects\Picto\source\embedded\frontpanel\NumberEditMode.cpp c:\Projects\Picto\source\embedded\frontpanel\TextEditMode.cpp c:\Projects\Picto\source\embedded\frontpanel\changenamemode.cpp c:\Projects\Picto\source\embedded\frontpanel\displaymode.cpp c:\Projects\Picto\source\embedded\frontpanel\engineconnections.cpp c:\Projects\Picto\source\embedded\frontpanel\flushdurmode.cpp c:\Projects\Picto\source\embedded\frontpanel\legacyphidgets.cpp c:\Projects\Picto\source\embedded\frontpanel\main.cpp c:\Projects\Picto\source\embedded\frontpanel\menu.cpp c:\Projects\Picto\source\embedded\frontpanel\menumode.cpp c:\Projects\Picto\source\embedded\frontpanel\phidgets.cpp c:\Projects\Picto\source\embedded\frontpanel\rewardcontrollermode.cpp c:\Projects\Picto\source\embedded\frontpanel\rewarddurmode.cpp c:\Projects\Picto\source\embedded\frontpanel\statusmode.cpp c:\Projects\Picto\intermediates\moc\embedded\frontpanel\moc_DirectorInterface.cpp c:\Projects\Picto\intermediates\moc\embedded\frontpanel\moc_NumberEditMode.cpp c:\Projects\Picto\intermediates\moc\embedded\frontpanel\moc_TextEditMode.cpp c:\Projects\Picto\intermediates\moc\embedded\frontpanel\moc_changenamemode.cpp c:\Projects\Picto\intermediates\moc\embedded\frontpanel\moc_displaymode.cpp c:\Projects\Picto\intermediates\moc\embedded\frontpanel\moc_engineconnections.cpp c:\Projects\Picto\intermediates\moc\embedded\frontpanel\moc_flushdurmode.cpp c:\Projects\Picto\intermediates\moc\embedded\frontpanel\moc_legacyphidgets.cpp c:\Projects\Picto\intermediates\moc\embedded\frontpanel\moc_menu.cpp c:\Projects\Picto\intermediates\moc\embedded\frontpanel\moc_menumode.cpp c:\Projects\Picto\intermediates\moc\embedded\frontpanel\moc_phidgets.cpp c:\Projects\Picto\intermediates\moc\embedded\frontpanel\moc_rewardcontrollermode.cpp c:\Projects\Picto\intermediates\moc\embedded\frontpanel\moc_rewarddurmode.cpp c:\Projects\Picto\intermediates\moc\embedded\frontpanel\moc_statusmode.cpp
         DirectorInterface.cpp
         FrontPanelInfo.cpp
         FrontPanelRewardController.cpp
     1>c:\Projects\Picto\source\embedded\frontpanel\FrontPanelRewardController.cpp(100): warning C4258: 'channel' : definition from the for loop is ignored; the definition from the enclosing scope is used
                 c:\Projects\Picto\source\embedded\frontpanel\FrontPanelRewardController.cpp(88) : definition of 'channel' ignored
                 c:\Projects\Picto\source\embedded\frontpanel\FrontPanelRewardController.cpp(77) : definition of 'channel' used
     1>c:\Projects\Picto\source\embedded\frontpanel\FrontPanelRewardController.cpp(105): warning C4258: 'channel' : definition from the for loop is ignored; the definition from the enclosing scope is used
                 c:\Projects\Picto\source\embedded\frontpanel\FrontPanelRewardController.cpp(88) : definition of 'channel' ignored
                 c:\Projects\Picto\source\embedded\frontpanel\FrontPanelRewardController.cpp(77) : definition of 'channel' used
     1>c:\Projects\Picto\source\embedded\frontpanel\FrontPanelRewardController.cpp(107): warning C4258: 'channel' : definition from the for loop is ignored; the definition from the enclosing scope is used
                 c:\Projects\Picto\source\embedded\frontpanel\FrontPanelRewardController.cpp(88) : definition of 'channel' ignored
                 c:\Projects\Picto\source\embedded\frontpanel\FrontPanelRewardController.cpp(77) : definition of 'channel' used
     1>c:\Projects\Picto\source\embedded\frontpanel\FrontPanelRewardController.cpp(113): warning C4258: 'channel' : definition from the for loop is ignored; the definition from the enclosing scope is used
                 c:\Projects\Picto\source\embedded\frontpanel\FrontPanelRewardController.cpp(88) : definition of 'channel' ignored
                 c:\Projects\Picto\source\embedded\frontpanel\FrontPanelRewardController.cpp(77) : definition of 'channel' used
     1>c:\Projects\Picto\source\embedded\frontpanel\FrontPanelRewardController.cpp(116): warning C4258: 'channel' : definition from the for loop is ignored; the definition from the enclosing scope is used
                 c:\Projects\Picto\source\embedded\frontpanel\FrontPanelRewardController.cpp(88) : definition of 'channel' ignored
                 c:\Projects\Picto\source\embedded\frontpanel\FrontPanelRewardController.cpp(77) : definition of 'channel' used
     1>c:\Projects\Picto\source\embedded\frontpanel\FrontPanelRewardController.cpp(117): warning C4258: 'channel' : definition from the for loop is ignored; the definition from the enclosing scope is used
                 c:\Projects\Picto\source\embedded\frontpanel\FrontPanelRewardController.cpp(88) : definition of 'channel' ignored
                 c:\Projects\Picto\source\embedded\frontpanel\FrontPanelRewardController.cpp(77) : definition of 'channel' used
     1>c:\Projects\Picto\source\embedded\frontpanel\FrontPanelRewardController.cpp(193): warning C4018: '>' : signed/unsigned mismatch
     1>c:\Projects\Picto\source\embedded\frontpanel\FrontPanelRewardController.cpp(239): warning C4018: '>' : signed/unsigned mismatch
     1>c:\Projects\Picto\source\embedded\frontpanel\FrontPanelRewardController.cpp(270): warning C4018: '>' : signed/unsigned mismatch
     1>c:\Projects\Picto\source\embedded\frontpanel\FrontPanelRewardController.cpp(323): warning C4018: '>' : signed/unsigned mismatch
         NumberEditMode.cpp
         TextEditMode.cpp
         changenamemode.cpp
         displaymode.cpp
         engineconnections.cpp
         flushdurmode.cpp
         legacyphidgets.cpp
     1>c:\Projects\Picto\source\embedded\frontpanel\legacyphidgets.cpp(326): warning C4100: 'hTextLCD' : unreferenced formal parameter
     1>c:\Projects\Picto\source\embedded\frontpanel\legacyphidgets.cpp(344): warning C4100: 'phidgetsObj' : unreferenced formal parameter
     1>c:\Projects\Picto\source\embedded\frontpanel\legacyphidgets.cpp(344): warning C4100: 'hIntKit' : unreferenced formal parameter
     1>c:\Projects\Picto\source\embedded\frontpanel\legacyphidgets.cpp(349): warning C4100: 'phidgetsObj' : unreferenced formal parameter
     1>c:\Projects\Picto\source\embedded\frontpanel\legacyphidgets.cpp(349): warning C4100: 'hIntKit' : unreferenced formal parameter
     1>c:\Projects\Picto\source\embedded\frontpanel\legacyphidgets.cpp(354): warning C4100: 'Description' : unreferenced formal parameter
     1>c:\Projects\Picto\source\embedded\frontpanel\legacyphidgets.cpp(354): warning C4100: 'ErrorCode' : unreferenced formal parameter
     1>c:\Projects\Picto\source\embedded\frontpanel\legacyphidgets.cpp(354): warning C4100: 'phidgetsObj' : unreferenced formal parameter
     1>c:\Projects\Picto\source\embedded\frontpanel\legacyphidgets.cpp(354): warning C4100: 'hIntKit' : unreferenced formal parameter
     1>c:\Projects\Picto\source\embedded\frontpanel\legacyphidgets.cpp(359): warning C4100: 'hIntKit' : unreferenced formal parameter
         main.cpp
         menu.cpp
         menumode.cpp
         phidgets.cpp
     1>c:\Projects\Picto\source\embedded\frontpanel\phidgets.cpp(69): warning C4101: 'result' : unreferenced local variable
     1>c:\Projects\Picto\source\embedded\frontpanel\phidgets.cpp(447): warning C4100: 'hTextLCD' : unreferenced formal parameter
     1>c:\Projects\Picto\source\embedded\frontpanel\phidgets.cpp(456): warning C4100: 'Description' : unreferenced formal parameter
     1>c:\Projects\Picto\source\embedded\frontpanel\phidgets.cpp(456): warning C4100: 'ErrorCode' : unreferenced formal parameter
     1>c:\Projects\Picto\source\embedded\frontpanel\phidgets.cpp(456): warning C4100: 'phidgetsObj' : unreferenced formal parameter
     1>c:\Projects\Picto\source\embedded\frontpanel\phidgets.cpp(456): warning C4100: 'hTextLCD' : unreferenced formal parameter
     1>c:\Projects\Picto\source\embedded\frontpanel\phidgets.cpp(466): warning C4100: 'hDigIn0' : unreferenced formal parameter
     1>c:\Projects\Picto\source\embedded\frontpanel\phidgets.cpp(478): warning C4100: 'hDigIn7' : unreferenced formal parameter
     1>c:\Projects\Picto\source\embedded\frontpanel\phidgets.cpp(516): warning C4100: 'Description' : unreferenced formal parameter
     1>c:\Projects\Picto\source\embedded\frontpanel\phidgets.cpp(516): warning C4100: 'ErrorCode' : unreferenced formal parameter
     1>c:\Projects\Picto\source\embedded\frontpanel\phidgets.cpp(516): warning C4100: 'phidgetsObj' : unreferenced formal parameter
     1>c:\Projects\Picto\source\embedded\frontpanel\phidgets.cpp(516): warning C4100: 'hEncoder' : unreferenced formal parameter
     1>c:\Projects\Picto\source\embedded\frontpanel\phidgets.cpp(523): warning C4100: 'indexTriggered' : unreferenced formal parameter
     1>c:\Projects\Picto\source\embedded\frontpanel\phidgets.cpp(523): warning C4100: 'hEncoder' : unreferenced formal parameter
     1>c:\Projects\Picto\source\embedded\frontpanel\phidgets.cpp(572): warning C4100: 'hEncoder' : unreferenced formal parameter
         rewardcontrollermode.cpp
         rewarddurmode.cpp
         statusmode.cpp
         moc_DirectorInterface.cpp
         moc_NumberEditMode.cpp
         moc_TextEditMode.cpp
         Generating Code...
         Compiling...
         moc_changenamemode.cpp
         moc_displaymode.cpp
         moc_engineconnections.cpp
         moc_flushdurmode.cpp
         moc_legacyphidgets.cpp
         moc_menu.cpp
         moc_menumode.cpp
         moc_phidgets.cpp
         moc_rewardcontrollermode.cpp
         moc_rewarddurmode.cpp
         moc_statusmode.cpp
         Generating Code...
       Link:
         C:\Program Files (x86)\Microsoft Visual Studio 12.0\VC\bin\x86_amd64\link.exe /ERRORREPORT:PROMPT /OUT:"c:\Projects\Picto\output\bin\release\\EmbeddedFrontPanel.exe" /INCREMENTAL:NO /NOLOGO /LIBPATH:C:\phidgets\phidgets21 /LIBPATH:c:\Projects\Picto\intermediates\lib\release /LIBPATH:C:\Qt64\Qt5.5.1\5.5\msvc2013_64\lib /LIBPATH:C:\phidgets\phidgets22 "C:\Program Files (x86)\National Instruments\NI-DAQ\Switch\/../../Shared/ExternalCompilerSupport/C/lib64/msvc/NIDAQmx.lib" C:\phidgets\phidgets21\x64\phidget21.lib C:\phidgets\phidgets22\x64\phidget22.lib libPicto.lib C:\Qt64\Qt5.5.1\5.5\msvc2013_64\lib\Qt5Widgets.lib C:\Qt64\Qt5.5.1\5.5\msvc2013_64\lib\Qt5Gui.lib C:\Qt64\Qt5.5.1\5.5\msvc2013_64\lib\Qt5Xml.lib C:\Qt64\Qt5.5.1\5.5\msvc2013_64\lib\Qt5Network.lib C:\Qt64\Qt5.5.1\5.5\msvc2013_64\lib\Qt5Core.lib kernel32.lib user32.lib gdi32.lib winspool.lib comdlg32.lib advapi32.lib shell32.lib ole32.lib oleaut32.lib uuid.lib odbc32.lib odbccp32.lib /MANIFEST /MANIFESTUAC:"level='asInvoker' uiAccess='false'" /manifest:embed /PDB:"c:\Projects\Picto\output\bin\release\EmbeddedFrontPanel.pdb" /SUBSYSTEM:CONSOLE /TLBID:1 /DYNAMICBASE /NXCOMPAT /MACHINE:X64 "/MANIFESTDEPENDENCY:type='win32' name='Microsoft.Windows.Common-Controls' version='6.0.0.0' publicKeyToken='6595b64144ccf1df' language='*' processorArchitecture='*'" c:\Projects\Picto\intermediates\obj\embedded\frontpanel\release.\release\DirectorInterface.obj
         c:\Projects\Picto\intermediates\obj\embedded\frontpanel\release.\release\FrontPanelInfo.obj
         c:\Projects\Picto\intermediates\obj\embedded\frontpanel\release.\release\FrontPanelRewardController.obj
         c:\Projects\Picto\intermediates\obj\embedded\frontpanel\release.\release\NumberEditMode.obj
         c:\Projects\Picto\intermediates\obj\embedded\frontpanel\release.\release\TextEditMode.obj
         c:\Projects\Picto\intermediates\obj\embedded\frontpanel\release.\release\changenamemode.obj
         c:\Projects\Picto\intermediates\obj\embedded\frontpanel\release.\release\displaymode.obj
         c:\Projects\Picto\intermediates\obj\embedded\frontpanel\release.\release\engineconnections.obj
         c:\Projects\Picto\intermediates\obj\embedded\frontpanel\release.\release\flushdurmode.obj
         c:\Projects\Picto\intermediates\obj\embedded\frontpanel\release.\release\legacyphidgets.obj
         c:\Projects\Picto\intermediates\obj\embedded\frontpanel\release.\release\main.obj
         c:\Projects\Picto\intermediates\obj\embedded\frontpanel\release.\release\menu.obj
         c:\Projects\Picto\intermediates\obj\embedded\frontpanel\release.\release\menumode.obj
         c:\Projects\Picto\intermediates\obj\embedded\frontpanel\release.\release\phidgets.obj
         c:\Projects\Picto\intermediates\obj\embedded\frontpanel\release.\release\rewardcontrollermode.obj
         c:\Projects\Picto\intermediates\obj\embedded\frontpanel\release.\release\rewarddurmode.obj
         c:\Projects\Picto\intermediates\obj\embedded\frontpanel\release.\release\statusmode.obj
         c:\Projects\Picto\intermediates\obj\embedded\frontpanel\release.\release\moc_DirectorInterface.obj
         c:\Projects\Picto\intermediates\obj\embedded\frontpanel\release.\release\moc_NumberEditMode.obj
         c:\Projects\Picto\intermediates\obj\embedded\frontpanel\release.\release\moc_TextEditMode.obj
         c:\Projects\Picto\intermediates\obj\embedded\frontpanel\release.\release\moc_changenamemode.obj
         c:\Projects\Picto\intermediates\obj\embedded\frontpanel\release.\release\moc_displaymode.obj
         c:\Projects\Picto\intermediates\obj\embedded\frontpanel\release.\release\moc_engineconnections.obj
         c:\Projects\Picto\intermediates\obj\embedded\frontpanel\release.\release\moc_flushdurmode.obj
         c:\Projects\Picto\intermediates\obj\embedded\frontpanel\release.\release\moc_legacyphidgets.obj
         c:\Projects\Picto\intermediates\obj\embedded\frontpanel\release.\release\moc_menu.obj
         c:\Projects\Picto\intermediates\obj\embedded\frontpanel\release.\release\moc_menumode.obj
         c:\Projects\Picto\intermediates\obj\embedded\frontpanel\release.\release\moc_phidgets.obj
         c:\Projects\Picto\intermediates\obj\embedded\frontpanel\release.\release\moc_rewardcontrollermode.obj
         c:\Projects\Picto\intermediates\obj\embedded\frontpanel\release.\release\moc_rewarddurmode.obj
         c:\Projects\Picto\intermediates\obj\embedded\frontpanel\release.\release\moc_statusmode.obj
         EmbeddedFrontPanel.vcxproj -> c:\Projects\Picto\output\bin\release\EmbeddedFrontPanel.exe
     1>Done Building Project "C:\Projects\Picto\source\embedded\frontpanel\EmbeddedFrontPanel.vcxproj" (Build target(s)).

Build succeeded.

Time Elapsed 00:00:58.47
