Build started 3/14/2018 8:50:51 AM.
     1>Project "C:\Projects\Picto\source\common\libPicto.vcxproj" on node 2 (Build target(s)).
     1>ClCompile:
         C:\Program Files (x86)\Microsoft Visual Studio 12.0\VC\bin\x86_amd64\CL.exe /c /I. /I. /IC:\Projects\Picto\3rdparty\matlab /IC:/Qt64/Qt5.5.1/5.5/msvc2013_64/src/3rdparty/zlib /I..\..\..\..\Qt64\Qt5.5.1\5.5\Src\qttools\src\shared\qtpropertybrowser /I..\..\..\..\qwt\src /IQVideoEncoder /Ic:\Projects\Picto\3rdparty\QTFFmpegWrapper\QTFFmpegWrapper /I..\..\..\..\Qt64\Qt5.5.1\5.5\msvc2013_64\include /I..\..\..\..\Qt64\Qt5.5.1\5.5\msvc2013_64\include\QtMultimedia /I..\..\..\..\Qt64\Qt5.5.1\5.5\msvc2013_64\include\QtSvg /I..\..\..\..\Qt64\Qt5.5.1\5.5\msvc2013_64\include\QtWidgets /I..\..\..\..\Qt64\Qt5.5.1\5.5\msvc2013_64\include\QtGui /I..\..\..\..\Qt64\Qt5.5.1\5.5\msvc2013_64\include\QtANGLE /I..\..\..\..\Qt64\Qt5.5.1\5.5\msvc2013_64\include\QtXml /I..\..\..\..\Qt64\Qt5.5.1\5.5\msvc2013_64\include\QtNetwork /I..\..\..\..\Qt64\Qt5.5.1\5.5\msvc2013_64\include\QtScript /I..\..\..\..\Qt64\Qt5.5.1\5.5\msvc2013_64\include\QtScriptTools /I..\..\..\..\Qt64\Qt5.5.1\5.5\msvc2013_64\include\QtSql /I..\..\..\..\Qt64\Qt5.5.1\5.5\msvc2013_64\include\QtConcurrent /I..\..\..\..\Qt64\Qt5.5.1\5.5\msvc2013_64\include\QtCore /Ic:\Projects\Picto\intermediates\moc\common /I"..\..\..\..\Qt64\Qt5.5.1\5.5\msvc2013_64\mkspecs\win32-msvc2013" /nologo /W3 /WX- /O2 /D _WINDOWS /D UNICODE /D WIN32 /D WIN64 /D PICTOLIB_EXPORTS /D _WIN32_WINNT=0x0601 /D _WINVER=0x0601 /D _BIND_TO_CURRENT_CRT_VERSION /D __STDC_CONSTANT_MACROS /D QT_NO_DEBUG /D QT_MULTIMEDIA_LIB /D QT_SVG_LIB /D QT_WIDGETS_LIB /D QT_GUI_LIB /D QT_XML_LIB /D QT_NETWORK_LIB /D QT_SCRIPT_LIB /D QT_SCRIPTTOOLS_LIB /D QT_SQL_LIB /D QT_CONCURRENT_LIB /D QT_CORE_LIB /D NDEBUG /D _WINDLL /Gm- /EHsc /MD /GS /fp:precise /Zc:wchar_t /Zc:forScope /GR /Fo"c:\Projects\Picto\intermediates\obj\common\release\\" /Gd /TP /errorReport:prompt -Zc:strictStrings -w34100 -w34189 -w44996 c:\Projects\Picto\source\common\stimuli\TokenFactoryGraphic.cpp
         TokenFactoryGraphic.cpp
       Link:
         C:\Program Files (x86)\Microsoft Visual Studio 12.0\VC\bin\x86_amd64\link.exe /ERRORREPORT:PROMPT /OUT:"c:\Projects\Picto\intermediates\lib\release\\libPicto.dll" /INCREMENTAL:NO /NOLOGO /LIBPATH:C:\Qt64\Qt5.5.1\5.5\Src\qttools\src\shared\qtpropertybrowser\lib /LIBPATH:C:\qwt\lib /LIBPATH:C:\Qt64\Qt5.5.1\5.5\msvc2013_64\lib /LIBPATH:c:\Projects\Picto\3rdparty\QTFFmpegWrapper\ffmpeg_lib_win64 C:\Qt64\Qt5.5.1\5.5\Src\qttools\src\shared\qtpropertybrowser/lib/QtPropertyBrowser.lib qwt.lib avutil.lib avcodec.lib avformat.lib swscale.lib C:\Qt64\Qt5.5.1\5.5\msvc2013_64\lib\Qt5Multimedia.lib C:\Qt64\Qt5.5.1\5.5\msvc2013_64\lib\Qt5Svg.lib C:\Qt64\Qt5.5.1\5.5\msvc2013_64\lib\Qt5Widgets.lib C:\Qt64\Qt5.5.1\5.5\msvc2013_64\lib\Qt5Gui.lib C:\Qt64\Qt5.5.1\5.5\msvc2013_64\lib\Qt5Xml.lib C:\Qt64\Qt5.5.1\5.5\msvc2013_64\lib\Qt5Network.lib C:\Qt64\Qt5.5.1\5.5\msvc2013_64\lib\Qt5Script.lib C:\Qt64\Qt5.5.1\5.5\msvc2013_64\lib\Qt5ScriptTools.lib C:\Qt64\Qt5.5.1\5.5\msvc2013_64\lib\Qt5Sql.lib C:\Qt64\Qt5.5.1\5.5\msvc2013_64\lib\Qt5Concurrent.lib C:\Qt64\Qt5.5.1\5.5\msvc2013_64\lib\Qt5Core.lib kernel32.lib user32.lib gdi32.lib winspool.lib comdlg32.lib advapi32.lib shell32.lib ole32.lib oleaut32.lib uuid.lib odbc32.lib odbccp32.lib /MANIFEST /MANIFESTUAC:"level='asInvoker' uiAccess='false'" /manifest:embed /PDB:"c:\Projects\Picto\intermediates\lib\release\libPicto.pdb" /SUBSYSTEM:WINDOWS /TLBID:1 /DYNAMICBASE /NXCOMPAT /MACHINE:X64 /DLL c:\Projects\Picto\intermediates\obj\common\release\QVideoDecoder.obj
         c:\Projects\Picto\intermediates\obj\common\release\QVideoEncoder.obj
         c:\Projects\Picto\intermediates\obj\common\release\binocdfCoderWrap.obj
         c:\Projects\Picto\intermediates\obj\common\release\binocdfCoderWrap_data.obj
         c:\Projects\Picto\intermediates\obj\common\release\binocdfCoderWrap_emxAPI.obj
         c:\Projects\Picto\intermediates\obj\common\release\binocdfCoderWrap_emxutil.obj
         c:\Projects\Picto\intermediates\obj\common\release\binocdfCoderWrap_initialize.obj
         c:\Projects\Picto\intermediates\obj\common\release\binocdfCoderWrap_terminate.obj
         c:\Projects\Picto\intermediates\obj\common\release\binodeviance.obj
         c:\Projects\Picto\intermediates\obj\common\release\binopdf.obj
         c:\Projects\Picto\intermediates\obj\common\release\binopdfCoderWrap.obj
         c:\Projects\Picto\intermediates\obj\common\release\eml_rand_mt19937ar_stateful.obj
         c:\Projects\Picto\intermediates\obj\common\release\fileManager.obj
         c:\Projects\Picto\intermediates\obj\common\release\fprintf.obj
         c:\Projects\Picto\intermediates\obj\common\release\gammaln.obj
         c:\Projects\Picto\intermediates\obj\common\release\normrndCoderWrap.obj
         c:\Projects\Picto\intermediates\obj\common\release\rand.obj
         c:\Projects\Picto\intermediates\obj\common\release\randCoderWrap.obj
         c:\Projects\Picto\intermediates\obj\common\release\randn.obj
         c:\Projects\Picto\intermediates\obj\common\release\rtGetInf.obj
         c:\Projects\Picto\intermediates\obj\common\release\rtGetNaN.obj
         c:\Projects\Picto\intermediates\obj\common\release\rt_nonfinite.obj
         c:\Projects\Picto\intermediates\obj\common\release\stirlerr.obj
         c:\Projects\Picto\intermediates\obj\common\release\AuralTarget.obj
         c:\Projects\Picto\intermediates\obj\common\release\CompositingSurface.obj
         c:\Projects\Picto\intermediates\obj\common\release\MediaMuxer.obj
         c:\Projects\Picto\intermediates\obj\common\release\MixingSample.obj
         c:\Projects\Picto\intermediates\obj\common\release\NullCompositingSurface.obj
         c:\Projects\Picto\intermediates\obj\common\release\OutputSignalWidget.obj
         c:\Projects\Picto\intermediates\obj\common\release\PCMAuralTarget.obj
         c:\Projects\Picto\intermediates\obj\common\release\PCMMixingSample.obj
         c:\Projects\Picto\intermediates\obj\common\release\PixmapCompositingSurface.obj
         c:\Projects\Picto\intermediates\obj\common\release\PixmapVisualTarget.obj
         c:\Projects\Picto\intermediates\obj\common\release\RenderingTarget.obj
         c:\Projects\Picto\intermediates\obj\common\release\VisualTarget.obj
         c:\Projects\Picto\intermediates\obj\common\release\VisualTargetHost.obj
         c:\Projects\Picto\intermediates\obj\common\release\ChoiceController.obj
         c:\Projects\Picto\intermediates\obj\common\release\CircleTarget.obj
         c:\Projects\Picto\intermediates\obj\common\release\ControlElement.obj
         c:\Projects\Picto\intermediates\obj\common\release\ControlTarget.obj
         c:\Projects\Picto\intermediates\obj\common\release\ControlTargetResult.obj
         c:\Projects\Picto\intermediates\obj\common\release\FixationController.obj
         c:\Projects\Picto\intermediates\obj\common\release\FrameResolutionTimer.obj
         c:\Projects\Picto\intermediates\obj\common\release\FrameTimerFactory.obj
         c:\Projects\Picto\intermediates\obj\common\release\FrameTracker.obj
         c:\Projects\Picto\intermediates\obj\common\release\RectTarget.obj
         c:\Projects\Picto\intermediates\obj\common\release\ScriptController.obj
         c:\Projects\Picto\intermediates\obj\common\release\StopwatchController.obj
         c:\Projects\Picto\intermediates\obj\common\release\TargetController.obj
         c:\Projects\Picto\intermediates\obj\common\release\TestController.obj
         c:\Projects\Picto\intermediates\obj\common\release\DesignRoot.obj
         c:\Projects\Picto\intermediates\obj\common\release\PictoData.obj
         c:\Projects\Picto\intermediates\obj\common\release\AboutElementBox.obj
         c:\Projects\Picto\intermediates\obj\common\release\AnalysisItem.obj
         c:\Projects\Picto\intermediates\obj\common\release\AnalysisOptionWidget.obj
         c:\Projects\Picto\intermediates\obj\common\release\AnalysisSelectorWidget.obj
         c:\Projects\Picto\intermediates\obj\common\release\ArrowDestinationItem.obj
         c:\Projects\Picto\intermediates\obj\common\release\ArrowPortItem.obj
         c:\Projects\Picto\intermediates\obj\common\release\ArrowSourceItem.obj
         c:\Projects\Picto\intermediates\obj\common\release\AssetDescriber.obj
         c:\Projects\Picto\intermediates\obj\common\release\AssetInfoBox.obj
         c:\Projects\Picto\intermediates\obj\common\release\AssetItem.obj
         c:\Projects\Picto\intermediates\obj\common\release\AssetToolGroup.obj
         c:\Projects\Picto\intermediates\obj\common\release\AutoSaveDialog.obj
         c:\Projects\Picto\intermediates\obj\common\release\AutoSaver.obj
         c:\Projects\Picto\intermediates\obj\common\release\ControlElementItem.obj
         c:\Projects\Picto\intermediates\obj\common\release\Copier.obj
         c:\Projects\Picto\intermediates\obj\common\release\Designer.obj
         c:\Projects\Picto\intermediates\obj\common\release\DiagramItemFactory.obj
         c:\Projects\Picto\intermediates\obj\common\release\EditorState.obj
         c:\Projects\Picto\intermediates\obj\common\release\ElementNotesWidget.obj
         c:\Projects\Picto\intermediates\obj\common\release\ExperimentItem.obj
         c:\Projects\Picto\intermediates\obj\common\release\FileSelectWidget.obj
         c:\Projects\Picto\intermediates\obj\common\release\LevelUpButton.obj
         c:\Projects\Picto\intermediates\obj\common\release\PropertyBrowser.obj
         c:\Projects\Picto\intermediates\obj\common\release\PropertyEditorFactory.obj
         c:\Projects\Picto\intermediates\obj\common\release\PropertyFrame.obj
         c:\Projects\Picto\intermediates\obj\common\release\PropertyGroupWidget.obj
         c:\Projects\Picto\intermediates\obj\common\release\PropertyListWidget.obj
         c:\Projects\Picto\intermediates\obj\common\release\PropertyManager.obj
         c:\Projects\Picto\intermediates\obj\common\release\ResultArrowSourceItem.obj
         c:\Projects\Picto\intermediates\obj\common\release\RunSelectorWidget.obj
         c:\Projects\Picto\intermediates\obj\common\release\ScriptItem.obj
         c:\Projects\Picto\intermediates\obj\common\release\ScriptItemManager.obj
         c:\Projects\Picto\intermediates\obj\common\release\ScriptSyntaxHighlighter.obj
         c:\Projects\Picto\intermediates\obj\common\release\ScriptTextEdit.obj
         c:\Projects\Picto\intermediates\obj\common\release\ScriptWidget.obj
         c:\Projects\Picto\intermediates\obj\common\release\SearchablePlainTextEdit.obj
         c:\Projects\Picto\intermediates\obj\common\release\SearchableTextEdit.obj
         c:\Projects\Picto\intermediates\obj\common\release\StartBarItem.obj
         c:\Projects\Picto\intermediates\obj\common\release\StateMachineElementItem.obj
         c:\Projects\Picto\intermediates\obj\common\release\SyntaxErrorBox.obj
         c:\Projects\Picto\intermediates\obj\common\release\ToolGroup.obj
         c:\Projects\Picto\intermediates\obj\common\release\Toolbox.obj
         c:\Projects\Picto\intermediates\obj\common\release\UIHelper.obj
         c:\Projects\Picto\intermediates\obj\common\release\ViewPositionWidget.obj
         c:\Projects\Picto\intermediates\obj\common\release\ViewerWindow.obj
         c:\Projects\Picto\intermediates\obj\common\release\WireableItem.obj
         c:\Projects\Picto\intermediates\obj\common\release\WireableResultItem.obj
         c:\Projects\Picto\intermediates\obj\common\release\arrow.obj
         c:\Projects\Picto\intermediates\obj\common\release\diagramitem.obj
         c:\Projects\Picto\intermediates\obj\common\release\diagramscene.obj
         c:\Projects\Picto\intermediates\obj\common\release\diagramtextitem.obj
         c:\Projects\Picto\intermediates\obj\common\release\ControlPanelInterface.obj
         c:\Projects\Picto\intermediates\obj\common\release\DoubletSignalChannel.obj
         c:\Projects\Picto\intermediates\obj\common\release\GenericInput.obj
         c:\Projects\Picto\intermediates\obj\common\release\InputPort.obj
         c:\Projects\Picto\intermediates\obj\common\release\MouseInputPort.obj
         c:\Projects\Picto\intermediates\obj\common\release\PictoEngine.obj
         c:\Projects\Picto\intermediates\obj\common\release\PropertyTable.obj
         c:\Projects\Picto\intermediates\obj\common\release\SignalChannel.obj
         c:\Projects\Picto\intermediates\obj\common\release\SlaveEvent.obj
         c:\Projects\Picto\intermediates\obj\common\release\SlaveEventQueue.obj
         c:\Projects\Picto\intermediates\obj\common\release\SlaveExperimentDriver.obj
         c:\Projects\Picto\intermediates\obj\common\release\StateUpdater.obj
         c:\Projects\Picto\intermediates\obj\common\release\xYSignalChannel.obj
         c:\Projects\Picto\intermediates\obj\common\release\Experiment.obj
         c:\Projects\Picto\intermediates\obj\common\release\AudioRewardController.obj
         c:\Projects\Picto\intermediates\obj\common\release\BufferFileGenerator.obj
         c:\Projects\Picto\intermediates\obj\common\release\EventCodeGenerator.obj
         c:\Projects\Picto\intermediates\obj\common\release\NullEventCodeGenerator.obj
         c:\Projects\Picto\intermediates\obj\common\release\NullRewardController.obj
         c:\Projects\Picto\intermediates\obj\common\release\OutputSignalController.obj
         c:\Projects\Picto\intermediates\obj\common\release\RewardController.obj
         c:\Projects\Picto\intermediates\obj\common\release\VirtualOutputSignalController.obj
         c:\Projects\Picto\intermediates\obj\common\release\CommandChannel.obj
         c:\Projects\Picto\intermediates\obj\common\release\ComponentInterface.obj
         c:\Projects\Picto\intermediates\obj\common\release\ComponentStatusManager.obj
         c:\Projects\Picto\intermediates\obj\common\release\ServerDiscoverer.obj
         c:\Projects\Picto\intermediates\obj\common\release\BarAxisHandler.obj
         c:\Projects\Picto\intermediates\obj\common\release\BarBase.obj
         c:\Projects\Picto\intermediates\obj\common\release\BarBasePlotHandler.obj
         c:\Projects\Picto\intermediates\obj\common\release\BarPlot.obj
         c:\Projects\Picto\intermediates\obj\common\release\BarPlotPlotHandler.obj
         c:\Projects\Picto\intermediates\obj\common\release\DataViewElement.obj
         c:\Projects\Picto\intermediates\obj\common\release\DataViewSpecs.obj
         c:\Projects\Picto\intermediates\obj\common\release\HistogramPlot.obj
         c:\Projects\Picto\intermediates\obj\common\release\NeuralDataListener.obj
         c:\Projects\Picto\intermediates\obj\common\release\OperatorPlot.obj
         c:\Projects\Picto\intermediates\obj\common\release\OperatorPlotHandler.obj
         c:\Projects\Picto\intermediates\obj\common\release\PSTHPlot.obj
         c:\Projects\Picto\intermediates\obj\common\release\PSTHPlotHandler.obj
         c:\Projects\Picto\intermediates\obj\common\release\RasterBase.obj
         c:\Projects\Picto\intermediates\obj\common\release\RasterBasePlotHandler.obj
         c:\Projects\Picto\intermediates\obj\common\release\RasterPlot.obj
         c:\Projects\Picto\intermediates\obj\common\release\RasterPlotHandler.obj
         c:\Projects\Picto\intermediates\obj\common\release\SamplingBarBase.obj
         c:\Projects\Picto\intermediates\obj\common\release\SamplingBarBasePlotHandler.obj
         c:\Projects\Picto\intermediates\obj\common\release\SamplingBarPlot.obj
         c:\Projects\Picto\intermediates\obj\common\release\SamplingBarPlotPlotHandler.obj
         c:\Projects\Picto\intermediates\obj\common\release\SamplingHistogramPlot.obj
         c:\Projects\Picto\intermediates\obj\common\release\Analysis.obj
         c:\Projects\Picto\intermediates\obj\common\release\AnalysisBinaryOutputWidget.obj
         c:\Projects\Picto\intermediates\obj\common\release\AnalysisDataSource.obj
         c:\Projects\Picto\intermediates\obj\common\release\AnalysisFileOutput.obj
         c:\Projects\Picto\intermediates\obj\common\release\AnalysisFileOutputWidget.obj
         c:\Projects\Picto\intermediates\obj\common\release\AnalysisFrameData.obj
         c:\Projects\Picto\intermediates\obj\common\release\AnalysisFunction.obj
         c:\Projects\Picto\intermediates\obj\common\release\AnalysisLfpData.obj
         c:\Projects\Picto\intermediates\obj\common\release\AnalysisMatlabObj.obj
         c:\Projects\Picto\intermediates\obj\common\release\AnalysisNumberVariable.obj
         c:\Projects\Picto\intermediates\obj\common\release\AnalysisOutput.obj
         c:\Projects\Picto\intermediates\obj\common\release\AnalysisOutputWidget.obj
         c:\Projects\Picto\intermediates\obj\common\release\AnalysisOutputWidgetContainer.obj
         c:\Projects\Picto\intermediates\obj\common\release\AnalysisPlotOutput.obj
         c:\Projects\Picto\intermediates\obj\common\release\AnalysisRewardData.obj
         c:\Projects\Picto\intermediates\obj\common\release\AnalysisRunNotesData.obj
         c:\Projects\Picto\intermediates\obj\common\release\AnalysisScriptHolder.obj
         c:\Projects\Picto\intermediates\obj\common\release\AnalysisSignalData.obj
         c:\Projects\Picto\intermediates\obj\common\release\AnalysisSpikeData.obj
         c:\Projects\Picto\intermediates\obj\common\release\AnalysisStringVariable.obj
         c:\Projects\Picto\intermediates\obj\common\release\AnalysisTimer.obj
         c:\Projects\Picto\intermediates\obj\common\release\AnalysisVariable.obj
         c:\Projects\Picto\intermediates\obj\common\release\AnalysisVariableList.obj
         c:\Projects\Picto\intermediates\obj\common\release\AnalysisVariableMap.obj
         c:\Projects\Picto\intermediates\obj\common\release\AssociateElement.obj
         c:\Projects\Picto\intermediates\obj\common\release\AssociateHostLink.obj
         c:\Projects\Picto\intermediates\obj\common\release\AssociateRoot.obj
         c:\Projects\Picto\intermediates\obj\common\release\AssociateRootHost.obj
         c:\Projects\Picto\intermediates\obj\common\release\AudioFileParameter.obj
         c:\Projects\Picto\intermediates\obj\common\release\BooleanParameter.obj
         c:\Projects\Picto\intermediates\obj\common\release\ColorParameter.obj
         c:\Projects\Picto\intermediates\obj\common\release\DoubleParameter.obj
         c:\Projects\Picto\intermediates\obj\common\release\FileParameter.obj
         c:\Projects\Picto\intermediates\obj\common\release\ImageFileParameter.obj
         c:\Projects\Picto\intermediates\obj\common\release\NumericParameter.obj
         c:\Projects\Picto\intermediates\obj\common\release\OperatorClickParameter.obj
         c:\Projects\Picto\intermediates\obj\common\release\Parameter.obj
         c:\Projects\Picto\intermediates\obj\common\release\PseudorandomIntParameter.obj
         c:\Projects\Picto\intermediates\obj\common\release\RandomDoubleParameter.obj
         c:\Projects\Picto\intermediates\obj\common\release\RandomIntParameter.obj
         c:\Projects\Picto\intermediates\obj\common\release\RangeParameter.obj
         c:\Projects\Picto\intermediates\obj\common\release\SignalValueParameter.obj
         c:\Projects\Picto\intermediates\obj\common\release\TimerParameter.obj
         c:\Projects\Picto\intermediates\obj\common\release\DataState.obj
         c:\Projects\Picto\intermediates\obj\common\release\FileSessionLoader.obj
         c:\Projects\Picto\intermediates\obj\common\release\FrameState.obj
         c:\Projects\Picto\intermediates\obj\common\release\LfpState.obj
         c:\Projects\Picto\intermediates\obj\common\release\LiveFrameReader.obj
         c:\Projects\Picto\intermediates\obj\common\release\LiveLfpReader.obj
         c:\Projects\Picto\intermediates\obj\common\release\LiveRewardReader.obj
         c:\Projects\Picto\intermediates\obj\common\release\LiveRunNotesReader.obj
         c:\Projects\Picto\intermediates\obj\common\release\LiveSignalReader.obj
         c:\Projects\Picto\intermediates\obj\common\release\LiveSpikeReader.obj
         c:\Projects\Picto\intermediates\obj\common\release\PlaybackIndex.obj
         c:\Projects\Picto\intermediates\obj\common\release\PlaybackInterfaces.obj
         c:\Projects\Picto\intermediates\obj\common\release\PropertyState.obj
         c:\Projects\Picto\intermediates\obj\common\release\RewardState.obj
         c:\Projects\Picto\intermediates\obj\common\release\RunNotesState.obj
         c:\Projects\Picto\intermediates\obj\common\release\SessionPlayer.obj
         c:\Projects\Picto\intermediates\obj\common\release\SessionState.obj
         c:\Projects\Picto\intermediates\obj\common\release\SessionVersionInterfacer.obj
         c:\Projects\Picto\intermediates\obj\common\release\SignalState.obj
         c:\Projects\Picto\intermediates\obj\common\release\SpikeState.obj
         c:\Projects\Picto\intermediates\obj\common\release\TransitionState.obj
         c:\Projects\Picto\intermediates\obj\common\release\ColorProperty.obj
         c:\Projects\Picto\intermediates\obj\common\release\EnumProperty.obj
         c:\Projects\Picto\intermediates\obj\common\release\ListProperty.obj
         c:\Projects\Picto\intermediates\obj\common\release\MapProperty.obj
         c:\Projects\Picto\intermediates\obj\common\release\PointProperty.obj
         c:\Projects\Picto\intermediates\obj\common\release\Property.obj
         c:\Projects\Picto\intermediates\obj\common\release\PropertyContainer.obj
         c:\Projects\Picto\intermediates\obj\common\release\SizeProperty.obj
         c:\Projects\Picto\intermediates\obj\common\release\ViewProperty.obj
         c:\Projects\Picto\intermediates\obj\common\release\AnnounceCommandHandler.obj
         c:\Projects\Picto\intermediates\obj\common\release\ClickResponseHandler.obj
         c:\Projects\Picto\intermediates\obj\common\release\DiscoverCommandHandler.obj
         c:\Projects\Picto\intermediates\obj\common\release\EndSessionResponseHandler.obj
         c:\Projects\Picto\intermediates\obj\common\release\ErrorResponseHandler.obj
         c:\Projects\Picto\intermediates\obj\common\release\GetCommandHandler.obj
         c:\Projects\Picto\intermediates\obj\common\release\LoadExpResponseHandler.obj
         c:\Projects\Picto\intermediates\obj\common\release\NewSessionResponseHandler.obj
         c:\Projects\Picto\intermediates\obj\common\release\OKResponseHandler.obj
         c:\Projects\Picto\intermediates\obj\common\release\ParameterResponseHandler.obj
         c:\Projects\Picto\intermediates\obj\common\release\PauseResponseHandler.obj
         c:\Projects\Picto\intermediates\obj\common\release\Protocol.obj
         c:\Projects\Picto\intermediates\obj\common\release\ProtocolCommand.obj
         c:\Projects\Picto\intermediates\obj\common\release\ProtocolCommandHandler.obj
         c:\Projects\Picto\intermediates\obj\common\release\ProtocolResponse.obj
         c:\Projects\Picto\intermediates\obj\common\release\ProtocolResponseHandler.obj
         c:\Projects\Picto\intermediates\obj\common\release\ResumeResponseHandler.obj
         c:\Projects\Picto\intermediates\obj\common\release\RewardResponseHandler.obj
         c:\Projects\Picto\intermediates\obj\common\release\StartResponseHandler.obj
         c:\Projects\Picto\intermediates\obj\common\release\StopResponseHandler.obj
         c:\Projects\Picto\intermediates\obj\common\release\TerminateCommandHandler.obj
         c:\Projects\Picto\intermediates\obj\common\release\ContainerElement.obj
         c:\Projects\Picto\intermediates\obj\common\release\LogicResult.obj
         c:\Projects\Picto\intermediates\obj\common\release\MachineContainer.obj
         c:\Projects\Picto\intermediates\obj\common\release\OutputElementContainer.obj
         c:\Projects\Picto\intermediates\obj\common\release\PausePoint.obj
         c:\Projects\Picto\intermediates\obj\common\release\Result.obj
         c:\Projects\Picto\intermediates\obj\common\release\ResultContainer.obj
         c:\Projects\Picto\intermediates\obj\common\release\Reward.obj
         c:\Projects\Picto\intermediates\obj\common\release\Scene.obj
         c:\Projects\Picto\intermediates\obj\common\release\ScriptFunction.obj
         c:\Projects\Picto\intermediates\obj\common\release\Scriptable.obj
         c:\Projects\Picto\intermediates\obj\common\release\ScriptableContainer.obj
         c:\Projects\Picto\intermediates\obj\common\release\State.obj
         c:\Projects\Picto\intermediates\obj\common\release\StateMachine.obj
         c:\Projects\Picto\intermediates\obj\common\release\StateMachineElement.obj
         c:\Projects\Picto\intermediates\obj\common\release\StateMachineElementContainer.obj
         c:\Projects\Picto\intermediates\obj\common\release\SwitchElement.obj
         c:\Projects\Picto\intermediates\obj\common\release\Transition.obj
         c:\Projects\Picto\intermediates\obj\common\release\UIData.obj
         c:\Projects\Picto\intermediates\obj\common\release\UIElement.obj
         c:\Projects\Picto\intermediates\obj\common\release\UIEnabled.obj
         c:\Projects\Picto\intermediates\obj\common\release\AnalogInput.obj
         c:\Projects\Picto\intermediates\obj\common\release\ArrowGraphic.obj
         c:\Projects\Picto\intermediates\obj\common\release\AudioElement.obj
         c:\Projects\Picto\intermediates\obj\common\release\BinaryDataOutput.obj
         c:\Projects\Picto\intermediates\obj\common\release\BoxGraphic.obj
         c:\Projects\Picto\intermediates\obj\common\release\CircleGraphic.obj
         c:\Projects\Picto\intermediates\obj\common\release\CursorGraphic.obj
         c:\Projects\Picto\intermediates\obj\common\release\DiamondGraphic.obj
         c:\Projects\Picto\intermediates\obj\common\release\DigitalOutput.obj
         c:\Projects\Picto\intermediates\obj\common\release\EllipseGraphic.obj
         c:\Projects\Picto\intermediates\obj\common\release\GridGraphic.obj
         c:\Projects\Picto\intermediates\obj\common\release\ImageGraphic.obj
         c:\Projects\Picto\intermediates\obj\common\release\InputSignal.obj
         c:\Projects\Picto\intermediates\obj\common\release\LabelFactoryGraphic.obj
         c:\Projects\Picto\intermediates\obj\common\release\LineGraphic.obj
         c:\Projects\Picto\intermediates\obj\common\release\MultiplatformSound.obj
         c:\Projects\Picto\intermediates\obj\common\release\OperatorInfoGraphic.obj
         c:\Projects\Picto\intermediates\obj\common\release\OutputElement.obj
         c:\Projects\Picto\intermediates\obj\common\release\OutputSignal.obj
         c:\Projects\Picto\intermediates\obj\common\release\PictureGraphic.obj
         c:\Projects\Picto\intermediates\obj\common\release\PolygonGraphic.obj
         c:\Projects\Picto\intermediates\obj\common\release\PreloadedSound.obj
         c:\Projects\Picto\intermediates\obj\common\release\RandomlyFilledGridGraphic.obj
         c:\Projects\Picto\intermediates\obj\common\release\ShapeShifterGraphic.obj
         c:\Projects\Picto\intermediates\obj\common\release\TextGraphic.obj
         c:\Projects\Picto\intermediates\obj\common\release\TokenFactoryGraphic.obj
         c:\Projects\Picto\intermediates\obj\common\release\TokenTrayGraphic.obj
         c:\Projects\Picto\intermediates\obj\common\release\TriangleGraphic.obj
         c:\Projects\Picto\intermediates\obj\common\release\VisualElement.obj
         c:\Projects\Picto\intermediates\obj\common\release\AlignmentDataUnit.obj
         c:\Projects\Picto\intermediates\obj\common\release\AlignmentInfo.obj
         c:\Projects\Picto\intermediates\obj\common\release\Asset.obj
         c:\Projects\Picto\intermediates\obj\common\release\AssetExportImport.obj
         c:\Projects\Picto\intermediates\obj\common\release\AssetFactory.obj
         c:\Projects\Picto\intermediates\obj\common\release\BehavioralDataUnit.obj
         c:\Projects\Picto\intermediates\obj\common\release\BehavioralDataUnitPackage.obj
         c:\Projects\Picto\intermediates\obj\common\release\DataSourceInfo.obj
         c:\Projects\Picto\intermediates\obj\common\release\DataStore.obj
         c:\Projects\Picto\intermediates\obj\common\release\DataUnit.obj
         c:\Projects\Picto\intermediates\obj\common\release\DesignConfig.obj
         c:\Projects\Picto\intermediates\obj\common\release\DirectorData.obj
         c:\Projects\Picto\intermediates\obj\common\release\FrameDataUnit.obj
         c:\Projects\Picto\intermediates\obj\common\release\FrameDataUnitPackage.obj
         c:\Projects\Picto\intermediates\obj\common\release\InputDataUnit.obj
         c:\Projects\Picto\intermediates\obj\common\release\InputDataUnitPackage.obj
         c:\Projects\Picto\intermediates\obj\common\release\LFPDataUnitPackage.obj
         c:\Projects\Picto\intermediates\obj\common\release\NeuralDataUnit.obj
         c:\Projects\Picto\intermediates\obj\common\release\ObsoleteAsset.obj
         c:\Projects\Picto\intermediates\obj\common\release\ObsoleteNameAsset.obj
         c:\Projects\Picto\intermediates\obj\common\release\OldVersionAsset.obj
         c:\Projects\Picto\intermediates\obj\common\release\PropertyDataUnit.obj
         c:\Projects\Picto\intermediates\obj\common\release\PropertyDataUnitPackage.obj
         c:\Projects\Picto\intermediates\obj\common\release\PropertyFactory.obj
         c:\Projects\Picto\intermediates\obj\common\release\RewardDataUnit.obj
         c:\Projects\Picto\intermediates\obj\common\release\RewardUnit.obj
         c:\Projects\Picto\intermediates\obj\common\release\Serializable.obj
         c:\Projects\Picto\intermediates\obj\common\release\SessionDataPackage.obj
         c:\Projects\Picto\intermediates\obj\common\release\SignalChannelInfo.obj
         c:\Projects\Picto\intermediates\obj\common\release\StateDataUnit.obj
         c:\Projects\Picto\intermediates\obj\common\release\StateDataUnitPackage.obj
         c:\Projects\Picto\intermediates\obj\common\release\TaskConfig.obj
         c:\Projects\Picto\intermediates\obj\common\release\TaskRunDataUnit.obj
         c:\Projects\Picto\intermediates\obj\common\release\Task.obj
         c:\Projects\Picto\intermediates\obj\common\release\Stopwatch.obj
         c:\Projects\Picto\intermediates\obj\common\release\TimedMessageBox.obj
         c:\Projects\Picto\intermediates\obj\common\release\Timestamper.obj
         c:\Projects\Picto\intermediates\obj\common\release\UpdateDownloader.obj
         c:\Projects\Picto\intermediates\obj\common\release\NumberVariable.obj
         c:\Projects\Picto\intermediates\obj\common\release\StringVariable.obj
         c:\Projects\Picto\intermediates\obj\common\release\Variable.obj
         c:\Projects\Picto\intermediates\obj\common\release\VariableList.obj
         c:\Projects\Picto\intermediates\obj\common\release\VariableMap.obj
         c:\Projects\Picto\intermediates\obj\common\release\globals.obj
         c:\Projects\Picto\intermediates\obj\common\release\namedefs.obj
         c:\Projects\Picto\intermediates\obj\common\release\portdefs.obj
         c:\Projects\Picto\intermediates\obj\common\release\moc_AboutElementBox.obj
         c:\Projects\Picto\intermediates\obj\common\release\moc_AnalogInput.obj
         c:\Projects\Picto\intermediates\obj\common\release\moc_Analysis.obj
         c:\Projects\Picto\intermediates\obj\common\release\moc_AnalysisBinaryOutputWidget.obj
         c:\Projects\Picto\intermediates\obj\common\release\moc_AnalysisDataSource.obj
         c:\Projects\Picto\intermediates\obj\common\release\moc_AnalysisFileOutput.obj
         c:\Projects\Picto\intermediates\obj\common\release\moc_AnalysisFileOutputWidget.obj
         c:\Projects\Picto\intermediates\obj\common\release\moc_AnalysisFrameData.obj
         c:\Projects\Picto\intermediates\obj\common\release\moc_AnalysisFunction.obj
         c:\Projects\Picto\intermediates\obj\common\release\moc_AnalysisItem.obj
         c:\Projects\Picto\intermediates\obj\common\release\moc_AnalysisLfpData.obj
         c:\Projects\Picto\intermediates\obj\common\release\moc_AnalysisMatlabObj.obj
         c:\Projects\Picto\intermediates\obj\common\release\moc_AnalysisNumberVariable.obj
         c:\Projects\Picto\intermediates\obj\common\release\moc_AnalysisOptionWidget.obj
         c:\Projects\Picto\intermediates\obj\common\release\moc_AnalysisOutput.obj
         c:\Projects\Picto\intermediates\obj\common\release\moc_AnalysisOutputWidget.obj
         c:\Projects\Picto\intermediates\obj\common\release\moc_AnalysisOutputWidgetContainer.obj
         c:\Projects\Picto\intermediates\obj\common\release\moc_AnalysisPlotOutput.obj
         c:\Projects\Picto\intermediates\obj\common\release\moc_AnalysisRewardData.obj
         c:\Projects\Picto\intermediates\obj\common\release\moc_AnalysisRunNotesData.obj
         c:\Projects\Picto\intermediates\obj\common\release\moc_AnalysisScriptHolder.obj
         c:\Projects\Picto\intermediates\obj\common\release\moc_AnalysisSelectorWidget.obj
         c:\Projects\Picto\intermediates\obj\common\release\moc_AnalysisSignalData.obj
         c:\Projects\Picto\intermediates\obj\common\release\moc_AnalysisSpikeData.obj
         c:\Projects\Picto\intermediates\obj\common\release\moc_AnalysisStringVariable.obj
         c:\Projects\Picto\intermediates\obj\common\release\moc_AnalysisTimer.obj
         c:\Projects\Picto\intermediates\obj\common\release\moc_AnalysisVariable.obj
         c:\Projects\Picto\intermediates\obj\common\release\moc_AnalysisVariableList.obj
         c:\Projects\Picto\intermediates\obj\common\release\moc_AnalysisVariableMap.obj
         c:\Projects\Picto\intermediates\obj\common\release\moc_ArrowDestinationItem.obj
         c:\Projects\Picto\intermediates\obj\common\release\moc_ArrowGraphic.obj
         c:\Projects\Picto\intermediates\obj\common\release\moc_ArrowPortItem.obj
         c:\Projects\Picto\intermediates\obj\common\release\moc_ArrowSourceItem.obj
         c:\Projects\Picto\intermediates\obj\common\release\moc_Asset.obj
         c:\Projects\Picto\intermediates\obj\common\release\moc_AssetExportImport.obj
         c:\Projects\Picto\intermediates\obj\common\release\moc_AssetFactory.obj
         c:\Projects\Picto\intermediates\obj\common\release\moc_AssetInfoBox.obj
         c:\Projects\Picto\intermediates\obj\common\release\moc_AssetItem.obj
         c:\Projects\Picto\intermediates\obj\common\release\moc_AssetToolGroup.obj
         c:\Projects\Picto\intermediates\obj\common\release\moc_AssociateHostLink.obj
         c:\Projects\Picto\intermediates\obj\common\release\moc_AssociateRoot.obj
         c:\Projects\Picto\intermediates\obj\common\release\moc_AudioElement.obj
         c:\Projects\Picto\intermediates\obj\common\release\moc_AudioFileParameter.obj
         c:\Projects\Picto\intermediates\obj\common\release\moc_AudioRewardController.obj
         c:\Projects\Picto\intermediates\obj\common\release\moc_AutoSaveDialog.obj
         c:\Projects\Picto\intermediates\obj\common\release\moc_AutoSaver.obj
         c:\Projects\Picto\intermediates\obj\common\release\moc_BarBase.obj
         c:\Projects\Picto\intermediates\obj\common\release\moc_BarBasePlotHandler.obj
         c:\Projects\Picto\intermediates\obj\common\release\moc_BarPlot.obj
         c:\Projects\Picto\intermediates\obj\common\release\moc_BarPlotPlotHandler.obj
         c:\Projects\Picto\intermediates\obj\common\release\moc_BinaryDataOutput.obj
         c:\Projects\Picto\intermediates\obj\common\release\moc_BooleanParameter.obj
         c:\Projects\Picto\intermediates\obj\common\release\moc_BoxGraphic.obj
         c:\Projects\Picto\intermediates\obj\common\release\moc_ChoiceController.obj
         c:\Projects\Picto\intermediates\obj\common\release\moc_CircleGraphic.obj
         c:\Projects\Picto\intermediates\obj\common\release\moc_CircleTarget.obj
         c:\Projects\Picto\intermediates\obj\common\release\moc_ColorParameter.obj
         c:\Projects\Picto\intermediates\obj\common\release\moc_ColorProperty.obj
         c:\Projects\Picto\intermediates\obj\common\release\moc_CommandChannel.obj
         c:\Projects\Picto\intermediates\obj\common\release\moc_ComponentStatusManager.obj
         c:\Projects\Picto\intermediates\obj\common\release\moc_ContainerElement.obj
         c:\Projects\Picto\intermediates\obj\common\release\moc_ControlElement.obj
         c:\Projects\Picto\intermediates\obj\common\release\moc_ControlElementItem.obj
         c:\Projects\Picto\intermediates\obj\common\release\moc_ControlPanelInterface.obj
         c:\Projects\Picto\intermediates\obj\common\release\moc_ControlTarget.obj
         c:\Projects\Picto\intermediates\obj\common\release\moc_ControlTargetResult.obj
         c:\Projects\Picto\intermediates\obj\common\release\moc_Copier.obj
         c:\Projects\Picto\intermediates\obj\common\release\moc_CursorGraphic.obj
         c:\Projects\Picto\intermediates\obj\common\release\moc_DataStore.obj
         c:\Projects\Picto\intermediates\obj\common\release\moc_DataViewElement.obj
         c:\Projects\Picto\intermediates\obj\common\release\moc_DesignConfig.obj
         c:\Projects\Picto\intermediates\obj\common\release\moc_DesignRoot.obj
         c:\Projects\Picto\intermediates\obj\common\release\moc_Designer.obj
         c:\Projects\Picto\intermediates\obj\common\release\moc_DiamondGraphic.obj
         c:\Projects\Picto\intermediates\obj\common\release\moc_DigitalOutput.obj
         c:\Projects\Picto\intermediates\obj\common\release\moc_DoubleParameter.obj
         c:\Projects\Picto\intermediates\obj\common\release\moc_DoubletSignalChannel.obj
         c:\Projects\Picto\intermediates\obj\common\release\moc_EditorState.obj
         c:\Projects\Picto\intermediates\obj\common\release\moc_ElementNotesWidget.obj
         c:\Projects\Picto\intermediates\obj\common\release\moc_EllipseGraphic.obj
         c:\Projects\Picto\intermediates\obj\common\release\moc_EnumProperty.obj
         c:\Projects\Picto\intermediates\obj\common\release\moc_EventCodeGenerator.obj
         c:\Projects\Picto\intermediates\obj\common\release\moc_Experiment.obj
         c:\Projects\Picto\intermediates\obj\common\release\moc_ExperimentItem.obj
         c:\Projects\Picto\intermediates\obj\common\release\moc_FileParameter.obj
         c:\Projects\Picto\intermediates\obj\common\release\moc_FileSelectWidget.obj
         c:\Projects\Picto\intermediates\obj\common\release\moc_FileSessionLoader.obj
         c:\Projects\Picto\intermediates\obj\common\release\moc_FixationController.obj
         c:\Projects\Picto\intermediates\obj\common\release\moc_FrameState.obj
         c:\Projects\Picto\intermediates\obj\common\release\moc_GenericInput.obj
         c:\Projects\Picto\intermediates\obj\common\release\moc_GridGraphic.obj
         c:\Projects\Picto\intermediates\obj\common\release\moc_HistogramPlot.obj
         c:\Projects\Picto\intermediates\obj\common\release\moc_ImageFileParameter.obj
         c:\Projects\Picto\intermediates\obj\common\release\moc_ImageGraphic.obj
         c:\Projects\Picto\intermediates\obj\common\release\moc_InputSignal.obj
         c:\Projects\Picto\intermediates\obj\common\release\moc_LabelFactoryGraphic.obj
         c:\Projects\Picto\intermediates\obj\common\release\moc_LevelUpButton.obj
         c:\Projects\Picto\intermediates\obj\common\release\moc_LfpState.obj
         c:\Projects\Picto\intermediates\obj\common\release\moc_LineGraphic.obj
         c:\Projects\Picto\intermediates\obj\common\release\moc_ListProperty.obj
         c:\Projects\Picto\intermediates\obj\common\release\moc_LiveFrameReader.obj
         c:\Projects\Picto\intermediates\obj\common\release\moc_LiveLfpReader.obj
         c:\Projects\Picto\intermediates\obj\common\release\moc_LiveRewardReader.obj
         c:\Projects\Picto\intermediates\obj\common\release\moc_LiveRunNotesReader.obj
         c:\Projects\Picto\intermediates\obj\common\release\moc_LiveSignalReader.obj
         c:\Projects\Picto\intermediates\obj\common\release\moc_LiveSpikeReader.obj
         c:\Projects\Picto\intermediates\obj\common\release\moc_LogicResult.obj
         c:\Projects\Picto\intermediates\obj\common\release\moc_MachineContainer.obj
         c:\Projects\Picto\intermediates\obj\common\release\moc_MapProperty.obj
         c:\Projects\Picto\intermediates\obj\common\release\moc_MediaMuxer.obj
         c:\Projects\Picto\intermediates\obj\common\release\moc_MixingSample.obj
         c:\Projects\Picto\intermediates\obj\common\release\moc_NullEventCodeGenerator.obj
         c:\Projects\Picto\intermediates\obj\common\release\moc_NumberVariable.obj
         c:\Projects\Picto\intermediates\obj\common\release\moc_NumericParameter.obj
         c:\Projects\Picto\intermediates\obj\common\release\moc_ObsoleteAsset.obj
         c:\Projects\Picto\intermediates\obj\common\release\moc_ObsoleteNameAsset.obj
         c:\Projects\Picto\intermediates\obj\common\release\moc_OperatorClickParameter.obj
         c:\Projects\Picto\intermediates\obj\common\release\moc_OperatorInfoGraphic.obj
         c:\Projects\Picto\intermediates\obj\common\release\moc_OperatorPlot.obj
         c:\Projects\Picto\intermediates\obj\common\release\moc_OperatorPlotHandler.obj
         c:\Projects\Picto\intermediates\obj\common\release\moc_OutputElement.obj
         c:\Projects\Picto\intermediates\obj\common\release\moc_OutputElementContainer.obj
         c:\Projects\Picto\intermediates\obj\common\release\moc_OutputSignal.obj
         c:\Projects\Picto\intermediates\obj\common\release\moc_OutputSignalController.obj
         c:\Projects\Picto\intermediates\obj\common\release\moc_OutputSignalWidget.obj
         c:\Projects\Picto\intermediates\obj\common\release\moc_PCMMixingSample.obj
         c:\Projects\Picto\intermediates\obj\common\release\moc_PSTHPlot.obj
         c:\Projects\Picto\intermediates\obj\common\release\moc_PSTHPlotHandler.obj
         c:\Projects\Picto\intermediates\obj\common\release\moc_Parameter.obj
         c:\Projects\Picto\intermediates\obj\common\release\moc_PausePoint.obj
         c:\Projects\Picto\intermediates\obj\common\release\moc_PictoEngine.obj
         c:\Projects\Picto\intermediates\obj\common\release\moc_PictureGraphic.obj
         c:\Projects\Picto\intermediates\obj\common\release\moc_PixmapVisualTarget.obj
         c:\Projects\Picto\intermediates\obj\common\release\moc_PlaybackInterfaces.obj
         c:\Projects\Picto\intermediates\obj\common\release\moc_PointProperty.obj
         c:\Projects\Picto\intermediates\obj\common\release\moc_PolygonGraphic.obj
         c:\Projects\Picto\intermediates\obj\common\release\moc_Property.obj
         c:\Projects\Picto\intermediates\obj\common\release\moc_PropertyBrowser.obj
         c:\Projects\Picto\intermediates\obj\common\release\moc_PropertyContainer.obj
         c:\Projects\Picto\intermediates\obj\common\release\moc_PropertyEditorFactory.obj
         c:\Projects\Picto\intermediates\obj\common\release\moc_PropertyFrame.obj
         c:\Projects\Picto\intermediates\obj\common\release\moc_PropertyGroupWidget.obj
         c:\Projects\Picto\intermediates\obj\common\release\moc_PropertyListWidget.obj
         c:\Projects\Picto\intermediates\obj\common\release\moc_PropertyManager.obj
         c:\Projects\Picto\intermediates\obj\common\release\moc_PropertyState.obj
         c:\Projects\Picto\intermediates\obj\common\release\moc_PropertyTable.obj
         c:\Projects\Picto\intermediates\obj\common\release\moc_ProtocolCommandHandler.obj
         c:\Projects\Picto\intermediates\obj\common\release\moc_PseudorandomIntParameter.obj
         c:\Projects\Picto\intermediates\obj\common\release\moc_RandomDoubleParameter.obj
         c:\Projects\Picto\intermediates\obj\common\release\moc_RandomIntParameter.obj
         c:\Projects\Picto\intermediates\obj\common\release\moc_RandomlyFilledGridGraphic.obj
         c:\Projects\Picto\intermediates\obj\common\release\moc_RangeParameter.obj
         c:\Projects\Picto\intermediates\obj\common\release\moc_RasterBase.obj
         c:\Projects\Picto\intermediates\obj\common\release\moc_RasterBasePlotHandler.obj
         c:\Projects\Picto\intermediates\obj\common\release\moc_RasterPlot.obj
         c:\Projects\Picto\intermediates\obj\common\release\moc_RasterPlotHandler.obj
         c:\Projects\Picto\intermediates\obj\common\release\moc_RectTarget.obj
         c:\Projects\Picto\intermediates\obj\common\release\moc_Result.obj
         c:\Projects\Picto\intermediates\obj\common\release\moc_ResultArrowSourceItem.obj
         c:\Projects\Picto\intermediates\obj\common\release\moc_ResultContainer.obj
         c:\Projects\Picto\intermediates\obj\common\release\moc_Reward.obj
         c:\Projects\Picto\intermediates\obj\common\release\moc_RewardController.obj
         c:\Projects\Picto\intermediates\obj\common\release\moc_RewardState.obj
         c:\Projects\Picto\intermediates\obj\common\release\moc_RunNotesState.obj
         c:\Projects\Picto\intermediates\obj\common\release\moc_RunSelectorWidget.obj
         c:\Projects\Picto\intermediates\obj\common\release\moc_SamplingBarBase.obj
         c:\Projects\Picto\intermediates\obj\common\release\moc_SamplingBarBasePlotHandler.obj
         c:\Projects\Picto\intermediates\obj\common\release\moc_SamplingBarPlot.obj
         c:\Projects\Picto\intermediates\obj\common\release\moc_SamplingBarPlotPlotHandler.obj
         c:\Projects\Picto\intermediates\obj\common\release\moc_SamplingHistogramPlot.obj
         c:\Projects\Picto\intermediates\obj\common\release\moc_Scene.obj
         c:\Projects\Picto\intermediates\obj\common\release\moc_ScriptController.obj
         c:\Projects\Picto\intermediates\obj\common\release\moc_ScriptFunction.obj
         c:\Projects\Picto\intermediates\obj\common\release\moc_ScriptItem.obj
         c:\Projects\Picto\intermediates\obj\common\release\moc_ScriptItemManager.obj
         c:\Projects\Picto\intermediates\obj\common\release\moc_ScriptTextEdit.obj
         c:\Projects\Picto\intermediates\obj\common\release\moc_ScriptWidget.obj
         c:\Projects\Picto\intermediates\obj\common\release\moc_Scriptable.obj
         c:\Projects\Picto\intermediates\obj\common\release\moc_ScriptableContainer.obj
         c:\Projects\Picto\intermediates\obj\common\release\moc_SearchablePlainTextEdit.obj
         c:\Projects\Picto\intermediates\obj\common\release\moc_SearchableTextEdit.obj
         c:\Projects\Picto\intermediates\obj\common\release\moc_ServerDiscoverer.obj
         c:\Projects\Picto\intermediates\obj\common\release\moc_SessionPlayer.obj
         c:\Projects\Picto\intermediates\obj\common\release\moc_SessionState.obj
         c:\Projects\Picto\intermediates\obj\common\release\moc_ShapeShifterGraphic.obj
         c:\Projects\Picto\intermediates\obj\common\release\moc_SignalChannel.obj
         c:\Projects\Picto\intermediates\obj\common\release\moc_SignalState.obj
         c:\Projects\Picto\intermediates\obj\common\release\moc_SignalValueParameter.obj
         c:\Projects\Picto\intermediates\obj\common\release\moc_SizeProperty.obj
         c:\Projects\Picto\intermediates\obj\common\release\moc_SlaveExperimentDriver.obj
         c:\Projects\Picto\intermediates\obj\common\release\moc_SpikeState.obj
         c:\Projects\Picto\intermediates\obj\common\release\moc_StartBarItem.obj
         c:\Projects\Picto\intermediates\obj\common\release\moc_State.obj
         c:\Projects\Picto\intermediates\obj\common\release\moc_StateMachine.obj
         c:\Projects\Picto\intermediates\obj\common\release\moc_StateMachineElement.obj
         c:\Projects\Picto\intermediates\obj\common\release\moc_StateMachineElementContainer.obj
         c:\Projects\Picto\intermediates\obj\common\release\moc_StateMachineElementItem.obj
         c:\Projects\Picto\intermediates\obj\common\release\moc_StateUpdater.obj
         c:\Projects\Picto\intermediates\obj\common\release\moc_StopwatchController.obj
         c:\Projects\Picto\intermediates\obj\common\release\moc_StringVariable.obj
         c:\Projects\Picto\intermediates\obj\common\release\moc_SwitchElement.obj
         c:\Projects\Picto\intermediates\obj\common\release\moc_SyntaxErrorBox.obj
         c:\Projects\Picto\intermediates\obj\common\release\moc_TargetController.obj
         c:\Projects\Picto\intermediates\obj\common\release\moc_Task.obj
         c:\Projects\Picto\intermediates\obj\common\release\moc_TaskConfig.obj
         c:\Projects\Picto\intermediates\obj\common\release\moc_TestController.obj
         c:\Projects\Picto\intermediates\obj\common\release\moc_TextGraphic.obj
         c:\Projects\Picto\intermediates\obj\common\release\moc_TimerParameter.obj
         c:\Projects\Picto\intermediates\obj\common\release\moc_TokenFactoryGraphic.obj
         c:\Projects\Picto\intermediates\obj\common\release\moc_TokenTrayGraphic.obj
         c:\Projects\Picto\intermediates\obj\common\release\moc_ToolGroup.obj
         c:\Projects\Picto\intermediates\obj\common\release\moc_Toolbox.obj
         c:\Projects\Picto\intermediates\obj\common\release\moc_Transition.obj
         c:\Projects\Picto\intermediates\obj\common\release\moc_TransitionState.obj
         c:\Projects\Picto\intermediates\obj\common\release\moc_TriangleGraphic.obj
         c:\Projects\Picto\intermediates\obj\common\release\moc_UIData.obj
         c:\Projects\Picto\intermediates\obj\common\release\moc_UIElement.obj
         c:\Projects\Picto\intermediates\obj\common\release\moc_UIEnabled.obj
         c:\Projects\Picto\intermediates\obj\common\release\moc_UpdateDownloader.obj
         c:\Projects\Picto\intermediates\obj\common\release\moc_Variable.obj
         c:\Projects\Picto\intermediates\obj\common\release\moc_VariableList.obj
         c:\Projects\Picto\intermediates\obj\common\release\moc_VariableMap.obj
         c:\Projects\Picto\intermediates\obj\common\release\moc_ViewPositionWidget.obj
         c:\Projects\Picto\intermediates\obj\common\release\moc_ViewProperty.obj
         c:\Projects\Picto\intermediates\obj\common\release\moc_ViewerWindow.obj
         c:\Projects\Picto\intermediates\obj\common\release\moc_VirtualOutputSignalController.obj
         c:\Projects\Picto\intermediates\obj\common\release\moc_VisualElement.obj
         c:\Projects\Picto\intermediates\obj\common\release\moc_VisualTarget.obj
         c:\Projects\Picto\intermediates\obj\common\release\moc_VisualTargetHost.obj
         c:\Projects\Picto\intermediates\obj\common\release\moc_WireableItem.obj
         c:\Projects\Picto\intermediates\obj\common\release\moc_WireableResultItem.obj
         c:\Projects\Picto\intermediates\obj\common\release\moc_diagramitem.obj
         c:\Projects\Picto\intermediates\obj\common\release\moc_diagramscene.obj
         c:\Projects\Picto\intermediates\obj\common\release\moc_diagramtextitem.obj
         c:\Projects\Picto\intermediates\obj\common\release\moc_xYSignalChannel.obj
         c:\Projects\Picto\intermediates\obj\common\release\qrc_common.obj
            Creating library c:\Projects\Picto\intermediates\lib\release\\libPicto.lib and object c:\Projects\Picto\intermediates\lib\release\\libPicto.exp
         libPicto.vcxproj -> c:\Projects\Picto\intermediates\lib\release\libPicto.dll
       PostBuildEvent:
         copy "c:\Projects\Picto\intermediates\lib\release\libPicto.dll" c:\Projects\Picto\output\bin\release
         :VCEnd
                 1 file(s) copied.
     1>Done Building Project "C:\Projects\Picto\source\common\libPicto.vcxproj" (Build target(s)).

Build succeeded.

Time Elapsed 00:00:36.31
